  GetCpuInfo.cpp
D:\SteamLibrary\steamapps\common\Counter-Strike Global Offensive\game\csgo\cfg\DearMoments\cpp\GetCPUInfo\resource.h(1,1): warning C4828: 文件包含在偏移 0x2f 处开始的字符，该字符在当前源字符集中无效(代码页 65001)。
  (编译源文件“GetCpuInfo.cpp”)
  
D:\SteamLibrary\steamapps\common\Counter-Strike Global Offensive\game\csgo\cfg\DearMoments\cpp\GetCPUInfo\resource.h(1,1): warning C4828: 文件包含在偏移 0x31 处开始的字符，该字符在当前源字符集中无效(代码页 65001)。
  (编译源文件“GetCpuInfo.cpp”)
  
D:\SteamLibrary\steamapps\common\Counter-Strike Global Offensive\game\csgo\cfg\DearMoments\cpp\GetCPUInfo\resource.h(1,1): warning C4828: 文件包含在偏移 0x36 处开始的字符，该字符在当前源字符集中无效(代码页 65001)。
  (编译源文件“GetCpuInfo.cpp”)
  
D:\SteamLibrary\steamapps\common\Counter-Strike Global Offensive\game\csgo\cfg\DearMoments\cpp\GetCPUInfo\resource.h(1,1): warning C4828: 文件包含在偏移 0x37 处开始的字符，该字符在当前源字符集中无效(代码页 65001)。
  (编译源文件“GetCpuInfo.cpp”)
  
D:\SteamLibrary\steamapps\common\Counter-Strike Global Offensive\game\csgo\cfg\DearMoments\cpp\GetCPUInfo\resource.h(1,1): warning C4828: 文件包含在偏移 0x38 处开始的字符，该字符在当前源字符集中无效(代码页 65001)。
  (编译源文件“GetCpuInfo.cpp”)
  
D:\SteamLibrary\steamapps\common\Counter-Strike Global Offensive\game\csgo\cfg\DearMoments\cpp\GetCPUInfo\resource.h(1,1): warning C4828: 文件包含在偏移 0x39 处开始的字符，该字符在当前源字符集中无效(代码页 65001)。
  (编译源文件“GetCpuInfo.cpp”)
  
D:\SteamLibrary\steamapps\common\Counter-Strike Global Offensive\game\csgo\cfg\DearMoments\cpp\GetCPUInfo\resource.h(1,1): warning C4828: 文件包含在偏移 0x3b 处开始的字符，该字符在当前源字符集中无效(代码页 65001)。
  (编译源文件“GetCpuInfo.cpp”)
  
D:\SteamLibrary\steamapps\common\Counter-Strike Global Offensive\game\csgo\cfg\DearMoments\cpp\GetCPUInfo\resource.h(1,1): warning C4828: 文件包含在偏移 0x3c 处开始的字符，该字符在当前源字符集中无效(代码页 65001)。
  (编译源文件“GetCpuInfo.cpp”)
  
D:\SteamLibrary\steamapps\common\Counter-Strike Global Offensive\game\csgo\cfg\DearMoments\cpp\GetCPUInfo\resource.h(1,1): warning C4828: 文件包含在偏移 0x3d 处开始的字符，该字符在当前源字符集中无效(代码页 65001)。
  (编译源文件“GetCpuInfo.cpp”)
  
D:\SteamLibrary\steamapps\common\Counter-Strike Global Offensive\game\csgo\cfg\DearMoments\cpp\GetCPUInfo\resource.h(1,1): warning C4828: 文件包含在偏移 0x3e 处开始的字符，该字符在当前源字符集中无效(代码页 65001)。
  (编译源文件“GetCpuInfo.cpp”)
  
D:\SteamLibrary\steamapps\common\Counter-Strike Global Offensive\game\csgo\cfg\DearMoments\cpp\GetCPUInfo\resource.h(1,1): warning C4828: 文件包含在偏移 0x44 处开始的字符，该字符在当前源字符集中无效(代码页 65001)。
  (编译源文件“GetCpuInfo.cpp”)
  
D:\SteamLibrary\steamapps\common\Counter-Strike Global Offensive\game\csgo\cfg\DearMoments\cpp\GetCPUInfo\resource.h(1,1): warning C4828: 文件包含在偏移 0x45 处开始的字符，该字符在当前源字符集中无效(代码页 65001)。
  (编译源文件“GetCpuInfo.cpp”)
  
D:\SteamLibrary\steamapps\common\Counter-Strike Global Offensive\game\csgo\cfg\DearMoments\cpp\GetCPUInfo\resource.h(1,1): warning C4828: 文件包含在偏移 0x55 处开始的字符，该字符在当前源字符集中无效(代码页 65001)。
  (编译源文件“GetCpuInfo.cpp”)
  
  LINK : 已指定 /LTCG，但不需要生成代码；从链接命令行中移除 /LTCG 以提高链接器性能
  GetCpuInfo.vcxproj -> D:\SteamLibrary\steamapps\common\Counter-Strike Global Offensive\game\csgo\cfg\DearMoments\cpp\GetCPUInfo\x64\Release\GetCpuInfo.exe
  'pwsh.exe' 不是内部或外部命令，也不是可运行的程序
  或批处理文件。
