c:\users\tomh5\source\repos\dm监听器\dm监听器\x64\release\vc143.pdb
c:\users\tomh5\source\repos\dm监听器\dm监听器\x64\release\tools.obj
c:\users\tomh5\source\repos\dm监听器\dm监听器\x64\release\ticker.obj
c:\users\tomh5\source\repos\dm监听器\dm监听器\x64\release\dm监听器.obj
c:\users\tomh5\source\repos\dm监听器\dm监听器\x64\release\outputredirector.obj
c:\users\tomh5\source\repos\dm监听器\dm监听器\x64\release\event.obj
c:\users\tomh5\source\repos\dm监听器\dm监听器\x64\release\musicplayer.obj
c:\users\tomh5\source\repos\dm监听器\x64\release\libcurl.dll
c:\users\tomh5\source\repos\dm监听器\x64\release\zlib1.dll
c:\users\tomh5\source\repos\dm监听器\x64\release\listener.exe
c:\users\tomh5\source\repos\dm监听器\x64\release\listener.pdb
c:\users\tomh5\source\repos\dm监听器\dm监听器\x64\release\dm监听器.res
c:\users\tomh5\source\repos\dm监听器\dm监听器\x64\release\listener.ipdb
c:\users\tomh5\source\repos\dm监听器\dm监听器\x64\release\listener.iobj
c:\users\tomh5\source\repos\dm监听器\dm监听器\x64\release\gsi.obj
c:\users\tomh5\source\repos\dm监听器\dm监听器\x64\release\dm监听器.ipdb
c:\users\tomh5\source\repos\dm监听器\dm监听器\x64\release\listener.exe.ipdb
c:\users\tomh5\source\repos\dm监听器\dm监听器\x64\release\dm监听器.iobj
c:\users\tomh5\source\repos\dm监听器\dm监听器\x64\release\listener.exe.iobj
c:\users\tomh5\source\repos\dm监听器\dm监听器\x64\release\dm监听器.tlog\cl.command.1.tlog
c:\users\tomh5\source\repos\dm监听器\dm监听器\x64\release\dm监听器.tlog\cl.items.tlog
c:\users\tomh5\source\repos\dm监听器\dm监听器\x64\release\dm监听器.tlog\cl.read.1.tlog
c:\users\tomh5\source\repos\dm监听器\dm监听器\x64\release\dm监听器.tlog\cl.write.1.tlog
c:\users\tomh5\source\repos\dm监听器\dm监听器\x64\release\dm监听器.tlog\dm监听器.write.1u.tlog
c:\users\tomh5\source\repos\dm监听器\dm监听器\x64\release\dm监听器.tlog\link.command.1.tlog
c:\users\tomh5\source\repos\dm监听器\dm监听器\x64\release\dm监听器.tlog\link.read.1.tlog
c:\users\tomh5\source\repos\dm监听器\dm监听器\x64\release\dm监听器.tlog\link.secondary.1.tlog
c:\users\tomh5\source\repos\dm监听器\dm监听器\x64\release\dm监听器.tlog\link.write.1.tlog
c:\users\tomh5\source\repos\dm监听器\dm监听器\x64\release\dm监听器.tlog\rc.command.1.tlog
c:\users\tomh5\source\repos\dm监听器\dm监听器\x64\release\dm监听器.tlog\rc.read.1.tlog
c:\users\tomh5\source\repos\dm监听器\dm监听器\x64\release\dm监听器.tlog\rc.write.1.tlog
